[main] INFO  helper.Log  - Test is Starting...
[main] INFO  helper.Log  - Test is Starting...
[main] INFO  helper.Log  - App Launch
[main] INFO  helper.Log  - Verify sign In button
[main] INFO  helper.Log  - Validate Invalid email workflow
[main] INFO  helper.Log  - Test is Starting...
[main] INFO  helper.Log  - App Launch
[main] INFO  helper.Log  - Verify sign In button
[main] INFO  helper.Log  - Validate Invalid email workflow
[main] INFO  helper.Log  - Test is Starting...
[main] INFO  helper.Log  - App Launch
[main] INFO  helper.Log  - Verify sign In button
[main] INFO  helper.Log  - Validate Invalid email workflow
[main] INFO  helper.Log  - Validate invalid password flow successfully
[main] INFO  helper.Log  - Test is Ending...
[main] INFO  helper.Log  - Test is Starting...
[main] INFO  helper.Log  - App Launch
[main] INFO  helper.Log  - Verify sign In button
[main] INFO  helper.Log  - Test is Starting...
[main] INFO  helper.Log  - App Launch
[main] INFO  helper.Log  - Verify sign In button
[main] INFO  helper.Log  - Test is Starting...
[main] INFO  helper.Log  - App Launch
[main] INFO  helper.Log  - Verify sign In button
[main] INFO  helper.Log  - Test is Starting...
[main] INFO  helper.Log  - App Launch
[main] INFO  helper.Log  - Verify sign In button
[main] INFO  helper.Log  - Test is Starting...
[main] INFO  helper.Log  - App Launch
[main] INFO  helper.Log  - Verify sign In button
[main] INFO  helper.Log  - Test is Starting...
[main] INFO  helper.Log  - App Launch
[main] INFO  helper.Log  - Verify sign In button
[main] INFO  helper.Log  - Test is Starting...
[main] INFO  helper.Log  - App Launch
[main] INFO  helper.Log  - Verify sign In button
[main] INFO  helper.Log  - Test is Starting...
[main] INFO  helper.Log  - App Launch
[main] INFO  helper.Log  - Verify sign In button
[main] INFO  helper.Log  - Test is Starting...
[main] INFO  helper.Log  - App Launch
[main] INFO  helper.Log  - Verify sign In button
[main] INFO  helper.Log  - Test is Starting...
[main] INFO  helper.Log  - App Launch
[main] INFO  helper.Log  - Verify sign In button
[main] INFO  helper.Log  - Test is Starting...
[main] INFO  helper.Log  - App Launch
[main] INFO  helper.Log  - Verify sign In button
[main] INFO  helper.Log  - Test is Starting...
[main] INFO  helper.Log  - App Launch
[main] INFO  helper.Log  - Verify sign In button
[main] INFO  helper.Log  - Test is Starting...
[main] INFO  helper.Log  - App Launch
[main] INFO  helper.Log  - Verify sign In button
[main] INFO  helper.Log  - Test is Starting...
[main] INFO  helper.Log  - App Launch
[main] INFO  helper.Log  - Verify sign In button
[main] INFO  helper.Log  - Test is Starting...
[main] INFO  helper.Log  - App Launch
[main] INFO  helper.Log  - Verify sign In button
[main] INFO  helper.Log  - Test is Starting...
[main] INFO  helper.Log  - App Launch
[main] INFO  helper.Log  - Verify sign In button
[main] INFO  helper.Log  - Test is Starting...
[main] INFO  helper.Log  - App Launch
[main] INFO  helper.Log  - Verify sign In button
[main] INFO  helper.Log  - Test is Starting...
[main] INFO  helper.Log  - App Launch
[main] INFO  helper.Log  - Verify sign In button
[main] INFO  helper.Log  - Test is Starting...
[main] INFO  helper.Log  - App Launch
[main] INFO  helper.Log  - Verify sign In button
[main] INFO  helper.Log  - Test is Starting...
[main] INFO  helper.Log  - App Launch
[main] INFO  helper.Log  - Verify sign In button
[main] INFO  helper.Log  - Test is Starting...
[main] INFO  helper.Log  - Test is Starting...
[main] INFO  helper.Log  - App Launch
[main] INFO  helper.Log  - Verify sign In button
[main] INFO  helper.Log  - Product compare successfully
[main] INFO  helper.Log  - Test is Ending...
[main] INFO  helper.Log  - Test is Starting...
[main] INFO  helper.Log  - App Launch
[main] INFO  helper.Log  - Test is Starting...
[main] INFO  helper.Log  - App Launch
[main] INFO  helper.Log  - Verify sign In button
[main] INFO  helper.Log  - Test is Starting...
[main] INFO  helper.Log  - App Launch
[main] INFO  helper.Log  - Verify sign In button
[main] INFO  helper.Log  - Test is Starting...
[main] INFO  helper.Log  - App Launch
[main] INFO  helper.Log  - Verify sign In button
[main] INFO  helper.Log  - Test is Starting...
[main] INFO  helper.Log  - App Launch
[main] INFO  helper.Log  - Verify sign In button
[main] INFO  helper.Log  - Product Name and price fetched from UI and saved in HashMap as:{236.31=Samsung Electronics UN32J4001 32-Inch 720p LED TV (2017 Model)}<br>
[main] INFO  helper.Log  - High Product Price is: 236.31 Product name is: Samsung Electronics UN32J4001 32-Inch 720p LED TV (2017 Model)
[main] INFO  helper.Log  - Low Product Price is: 236.31 Product name is: Samsung Electronics UN32J4001 32-Inch 720p LED TV (2017 Model)
[main] INFO  helper.Log  - Test is Ending...
[main] INFO  helper.Log  - Test is Starting...
[main] INFO  helper.Log  - App Launch
[main] INFO  helper.Log  - Verify sign In button
[main] INFO  helper.Log  - Test is Starting...
[main] INFO  helper.Log  - App Launch
[main] INFO  helper.Log  - Verify sign In button
[main] INFO  helper.Log  - Test is Starting...
[main] INFO  helper.Log  - App Launch
[main] INFO  helper.Log  - Verify sign In button
[main] INFO  helper.Log  - Product Name and price fetched from UI and saved in HashMap as:{236.31=Samsung Electronics UN32N5300AFXZA 32" 1080p Smart LED TV (2018), Black, 148.0=Samsung Electronics UN32N5300AFXZA 32inch 1080p Smart LED TV (2018) Black (Renewed)}<br>
[main] INFO  helper.Log  - High Product Price is: 236.31 Product name is: Samsung Electronics UN32N5300AFXZA 32" 1080p Smart LED TV (2018), Black
[main] INFO  helper.Log  - Low Product Price is: 148.0 Product name is: Samsung Electronics UN32N5300AFXZA 32inch 1080p Smart LED TV (2018) Black (Renewed)
[main] INFO  helper.Log  - Test is Ending...
